{"/Users/apple/code/restaurant-system/database.js": {"path":"/Users/apple/code/restaurant-system/database.js","statementMap":{"0":{"start":{"line":1,"column":21},"end":{"line":1,"column":37}},"1":{"start":{"line":2,"column":0},"end":{"line":2,"column":27}},"2":{"start":{"line":3,"column":13},"end":{"line":9,"column":2}},"3":{"start":{"line":15,"column":0},"end":{"line":15,"column":21}}},"fnMap":{},"branchMap":{},"s":{"0":2,"1":2,"2":2,"3":2},"f":{},"b":{},"_coverageSchema":"1a1c01bbd47fc00a2c39e90264f33305004495a9","hash":"76869cdfa2d1d056cd8d2a672d6115fb01770348"}
,"/Users/apple/code/restaurant-system/server.js": {"path":"/Users/apple/code/restaurant-system/server.js","statementMap":{"0":{"start":{"line":1,"column":0},"end":{"line":1,"column":27}},"1":{"start":{"line":2,"column":16},"end":{"line":2,"column":34}},"2":{"start":{"line":3,"column":11},"end":{"line":3,"column":20}},"3":{"start":{"line":6,"column":17},"end":{"line":6,"column":39}},"4":{"start":{"line":7,"column":0},"end":{"line":7,"column":51}},"5":{"start":{"line":8,"column":0},"end":{"line":8,"column":26}},"6":{"start":{"line":12,"column":18},"end":{"line":12,"column":51}},"7":{"start":{"line":13,"column":19},"end":{"line":13,"column":52}},"8":{"start":{"line":14,"column":20},"end":{"line":14,"column":55}},"9":{"start":{"line":15,"column":0},"end":{"line":15,"column":32}},"10":{"start":{"line":16,"column":0},"end":{"line":16,"column":32}},"11":{"start":{"line":17,"column":0},"end":{"line":17,"column":34}},"12":{"start":{"line":22,"column":0},"end":{"line":24,"column":2}},"13":{"start":{"line":23,"column":4},"end":{"line":23,"column":57}},"14":{"start":{"line":26,"column":0},"end":{"line":26,"column":20}}},"fnMap":{"0":{"name":"(anonymous_0)","decl":{"start":{"line":22,"column":33},"end":{"line":22,"column":34}},"loc":{"start":{"line":22,"column":39},"end":{"line":24,"column":1}},"line":22}},"branchMap":{},"s":{"0":2,"1":2,"2":2,"3":2,"4":2,"5":2,"6":2,"7":2,"8":2,"9":2,"10":2,"11":2,"12":2,"13":1,"14":2},"f":{"0":1},"b":{},"_coverageSchema":"1a1c01bbd47fc00a2c39e90264f33305004495a9","hash":"49950173636b7f5177ad02710093d7b4a6fd9409"}
,"/Users/apple/code/restaurant-system/api/menu/menu.controller.js": {"path":"/Users/apple/code/restaurant-system/api/menu/menu.controller.js","statementMap":{"0":{"start":{"line":1,"column":57},"end":{"line":1,"column":82}},"1":{"start":{"line":2,"column":15},"end":{"line":2,"column":38}},"2":{"start":{"line":5,"column":0},"end":{"line":100,"column":1}},"3":{"start":{"line":7,"column":20},"end":{"line":7,"column":28}},"4":{"start":{"line":9,"column":8},"end":{"line":23,"column":11}},"5":{"start":{"line":11,"column":16},"end":{"line":18,"column":17}},"6":{"start":{"line":13,"column":20},"end":{"line":13,"column":37}},"7":{"start":{"line":14,"column":20},"end":{"line":17,"column":23}},"8":{"start":{"line":18,"column":18},"end":{"line":18,"column":49}},"9":{"start":{"line":19,"column":16},"end":{"line":22,"column":19}},"10":{"start":{"line":26,"column":8},"end":{"line":34,"column":11}},"11":{"start":{"line":27,"column":12},"end":{"line":29,"column":13}},"12":{"start":{"line":28,"column":16},"end":{"line":28,"column":23}},"13":{"start":{"line":30,"column":12},"end":{"line":33,"column":15}},"14":{"start":{"line":37,"column":18},"end":{"line":37,"column":31}},"15":{"start":{"line":38,"column":8},"end":{"line":38,"column":29}},"16":{"start":{"line":39,"column":8},"end":{"line":56,"column":11}},"17":{"start":{"line":40,"column":12},"end":{"line":43,"column":13}},"18":{"start":{"line":41,"column":16},"end":{"line":41,"column":54}},"19":{"start":{"line":42,"column":16},"end":{"line":42,"column":23}},"20":{"start":{"line":44,"column":12},"end":{"line":49,"column":13}},"21":{"start":{"line":45,"column":16},"end":{"line":48,"column":19}},"22":{"start":{"line":50,"column":12},"end":{"line":54,"column":15}},"23":{"start":{"line":55,"column":12},"end":{"line":55,"column":30}},"24":{"start":{"line":59,"column":20},"end":{"line":59,"column":28}},"25":{"start":{"line":60,"column":19},"end":{"line":60,"column":32}},"26":{"start":{"line":61,"column":8},"end":{"line":77,"column":11}},"27":{"start":{"line":62,"column":12},"end":{"line":65,"column":13}},"28":{"start":{"line":63,"column":16},"end":{"line":63,"column":33}},"29":{"start":{"line":64,"column":16},"end":{"line":64,"column":29}},"30":{"start":{"line":66,"column":12},"end":{"line":66,"column":32}},"31":{"start":{"line":67,"column":12},"end":{"line":72,"column":13}},"32":{"start":{"line":68,"column":16},"end":{"line":71,"column":19}},"33":{"start":{"line":73,"column":12},"end":{"line":76,"column":15}},"34":{"start":{"line":80,"column":21},"end":{"line":80,"column":34}},"35":{"start":{"line":81,"column":8},"end":{"line":81,"column":26}},"36":{"start":{"line":82,"column":8},"end":{"line":98,"column":11}},"37":{"start":{"line":83,"column":12},"end":{"line":86,"column":13}},"38":{"start":{"line":84,"column":16},"end":{"line":84,"column":33}},"39":{"start":{"line":85,"column":16},"end":{"line":85,"column":23}},"40":{"start":{"line":87,"column":12},"end":{"line":87,"column":33}},"41":{"start":{"line":88,"column":12},"end":{"line":93,"column":13}},"42":{"start":{"line":89,"column":16},"end":{"line":92,"column":19}},"43":{"start":{"line":94,"column":12},"end":{"line":97,"column":15}}},"fnMap":{"0":{"name":"(anonymous_0)","decl":{"start":{"line":6,"column":16},"end":{"line":6,"column":17}},"loc":{"start":{"line":6,"column":28},"end":{"line":24,"column":5}},"line":6},"1":{"name":"(anonymous_1)","decl":{"start":{"line":10,"column":13},"end":{"line":10,"column":14}},"loc":{"start":{"line":10,"column":31},"end":{"line":23,"column":9}},"line":10},"2":{"name":"(anonymous_2)","decl":{"start":{"line":25,"column":12},"end":{"line":25,"column":13}},"loc":{"start":{"line":25,"column":23},"end":{"line":35,"column":5}},"line":25},"3":{"name":"(anonymous_3)","decl":{"start":{"line":26,"column":16},"end":{"line":26,"column":17}},"loc":{"start":{"line":26,"column":31},"end":{"line":34,"column":9}},"line":26},"4":{"name":"(anonymous_4)","decl":{"start":{"line":36,"column":16},"end":{"line":36,"column":17}},"loc":{"start":{"line":36,"column":27},"end":{"line":57,"column":5}},"line":36},"5":{"name":"(anonymous_5)","decl":{"start":{"line":39,"column":23},"end":{"line":39,"column":24}},"loc":{"start":{"line":39,"column":40},"end":{"line":56,"column":9}},"line":39},"6":{"name":"(anonymous_6)","decl":{"start":{"line":58,"column":15},"end":{"line":58,"column":16}},"loc":{"start":{"line":58,"column":28},"end":{"line":78,"column":5}},"line":58},"7":{"name":"(anonymous_7)","decl":{"start":{"line":61,"column":27},"end":{"line":61,"column":28}},"loc":{"start":{"line":61,"column":45},"end":{"line":77,"column":9}},"line":61},"8":{"name":"(anonymous_8)","decl":{"start":{"line":79,"column":15},"end":{"line":79,"column":16}},"loc":{"start":{"line":79,"column":28},"end":{"line":99,"column":5}},"line":79},"9":{"name":"(anonymous_9)","decl":{"start":{"line":82,"column":24},"end":{"line":82,"column":25}},"loc":{"start":{"line":82,"column":40},"end":{"line":98,"column":9}},"line":82}},"branchMap":{"0":{"loc":{"start":{"line":11,"column":16},"end":{"line":18,"column":17}},"type":"if","locations":[{"start":{"line":11,"column":16},"end":{"line":18,"column":17}},{"start":{},"end":{}}],"line":11},"1":{"loc":{"start":{"line":27,"column":12},"end":{"line":29,"column":13}},"type":"if","locations":[{"start":{"line":27,"column":12},"end":{"line":29,"column":13}},{"start":{},"end":{}}],"line":27},"2":{"loc":{"start":{"line":40,"column":12},"end":{"line":43,"column":13}},"type":"if","locations":[{"start":{"line":40,"column":12},"end":{"line":43,"column":13}},{"start":{},"end":{}}],"line":40},"3":{"loc":{"start":{"line":44,"column":12},"end":{"line":49,"column":13}},"type":"if","locations":[{"start":{"line":44,"column":12},"end":{"line":49,"column":13}},{"start":{},"end":{}}],"line":44},"4":{"loc":{"start":{"line":62,"column":12},"end":{"line":65,"column":13}},"type":"if","locations":[{"start":{"line":62,"column":12},"end":{"line":65,"column":13}},{"start":{},"end":{}}],"line":62},"5":{"loc":{"start":{"line":67,"column":12},"end":{"line":72,"column":13}},"type":"if","locations":[{"start":{"line":67,"column":12},"end":{"line":72,"column":13}},{"start":{},"end":{}}],"line":67},"6":{"loc":{"start":{"line":83,"column":12},"end":{"line":86,"column":13}},"type":"if","locations":[{"start":{"line":83,"column":12},"end":{"line":86,"column":13}},{"start":{},"end":{}}],"line":83},"7":{"loc":{"start":{"line":88,"column":12},"end":{"line":93,"column":13}},"type":"if","locations":[{"start":{"line":88,"column":12},"end":{"line":93,"column":13}},{"start":{},"end":{}}],"line":88}},"s":{"0":2,"1":2,"2":2,"3":0,"4":0,"5":0,"6":0,"7":0,"8":0,"9":0,"10":0,"11":0,"12":0,"13":0,"14":0,"15":0,"16":0,"17":0,"18":0,"19":0,"20":0,"21":0,"22":0,"23":0,"24":0,"25":0,"26":0,"27":0,"28":0,"29":0,"30":0,"31":0,"32":0,"33":0,"34":0,"35":0,"36":0,"37":0,"38":0,"39":0,"40":0,"41":0,"42":0,"43":0},"f":{"0":0,"1":0,"2":0,"3":0,"4":0,"5":0,"6":0,"7":0,"8":0,"9":0},"b":{"0":[0,0],"1":[0,0],"2":[0,0],"3":[0,0],"4":[0,0],"5":[0,0],"6":[0,0],"7":[0,0]},"_coverageSchema":"1a1c01bbd47fc00a2c39e90264f33305004495a9","hash":"ccee2213786e474d017364decfbee951efb9e5a7"}
,"/Users/apple/code/restaurant-system/api/menu/menu.routes.js": {"path":"/Users/apple/code/restaurant-system/api/menu/menu.routes.js","statementMap":{"0":{"start":{"line":2,"column":62},"end":{"line":2,"column":90}},"1":{"start":{"line":4,"column":14},"end":{"line":4,"column":41}},"2":{"start":{"line":5,"column":20},"end":{"line":5,"column":97}},"3":{"start":{"line":7,"column":0},"end":{"line":7,"column":28}},"4":{"start":{"line":8,"column":0},"end":{"line":8,"column":35}},"5":{"start":{"line":9,"column":0},"end":{"line":9,"column":42}},"6":{"start":{"line":10,"column":0},"end":{"line":10,"column":43}},"7":{"start":{"line":11,"column":0},"end":{"line":11,"column":44}},"8":{"start":{"line":16,"column":0},"end":{"line":16,"column":22}}},"fnMap":{},"branchMap":{},"s":{"0":2,"1":2,"2":2,"3":2,"4":2,"5":2,"6":2,"7":2,"8":2},"f":{},"b":{},"_coverageSchema":"1a1c01bbd47fc00a2c39e90264f33305004495a9","hash":"cb2d68cce8ac7ac932faf385f4cbe9a671cc87d9"}
,"/Users/apple/code/restaurant-system/api/menu/menu.service.js": {"path":"/Users/apple/code/restaurant-system/api/menu/menu.service.js","statementMap":{"0":{"start":{"line":1,"column":13},"end":{"line":1,"column":71}},"1":{"start":{"line":4,"column":0},"end":{"line":81,"column":1}},"2":{"start":{"line":6,"column":8},"end":{"line":6,"column":26}},"3":{"start":{"line":8,"column":8},"end":{"line":22,"column":10}},"4":{"start":{"line":16,"column":16},"end":{"line":19,"column":17}},"5":{"start":{"line":17,"column":20},"end":{"line":17,"column":39}},"6":{"start":{"line":18,"column":20},"end":{"line":18,"column":48}},"7":{"start":{"line":20,"column":16},"end":{"line":20,"column":46}},"8":{"start":{"line":25,"column":8},"end":{"line":33,"column":10}},"9":{"start":{"line":28,"column":16},"end":{"line":30,"column":17}},"10":{"start":{"line":29,"column":20},"end":{"line":29,"column":48}},"11":{"start":{"line":31,"column":16},"end":{"line":31,"column":46}},"12":{"start":{"line":36,"column":8},"end":{"line":36,"column":26}},"13":{"start":{"line":37,"column":8},"end":{"line":47,"column":10}},"14":{"start":{"line":41,"column":16},"end":{"line":44,"column":17}},"15":{"start":{"line":42,"column":20},"end":{"line":42,"column":39}},"16":{"start":{"line":43,"column":20},"end":{"line":43,"column":48}},"17":{"start":{"line":45,"column":16},"end":{"line":45,"column":49}},"18":{"start":{"line":50,"column":8},"end":{"line":50,"column":26}},"19":{"start":{"line":52,"column":8},"end":{"line":65,"column":10}},"20":{"start":{"line":60,"column":16},"end":{"line":62,"column":17}},"21":{"start":{"line":61,"column":20},"end":{"line":61,"column":48}},"22":{"start":{"line":63,"column":16},"end":{"line":63,"column":46}},"23":{"start":{"line":68,"column":8},"end":{"line":68,"column":23}},"24":{"start":{"line":69,"column":8},"end":{"line":78,"column":10}},"25":{"start":{"line":73,"column":16},"end":{"line":75,"column":17}},"26":{"start":{"line":74,"column":19},"end":{"line":74,"column":48}},"27":{"start":{"line":76,"column":16},"end":{"line":76,"column":46}}},"fnMap":{"0":{"name":"(anonymous_0)","decl":{"start":{"line":5,"column":12},"end":{"line":5,"column":13}},"loc":{"start":{"line":5,"column":31},"end":{"line":23,"column":5}},"line":5},"1":{"name":"(anonymous_1)","decl":{"start":{"line":15,"column":12},"end":{"line":15,"column":13}},"loc":{"start":{"line":15,"column":37},"end":{"line":21,"column":13}},"line":15},"2":{"name":"(anonymous_2)","decl":{"start":{"line":24,"column":13},"end":{"line":24,"column":14}},"loc":{"start":{"line":24,"column":26},"end":{"line":34,"column":5}},"line":24},"3":{"name":"(anonymous_3)","decl":{"start":{"line":27,"column":12},"end":{"line":27,"column":13}},"loc":{"start":{"line":27,"column":37},"end":{"line":32,"column":13}},"line":27},"4":{"name":"(anonymous_4)","decl":{"start":{"line":35,"column":18},"end":{"line":35,"column":19}},"loc":{"start":{"line":35,"column":37},"end":{"line":48,"column":5}},"line":35},"5":{"name":"(anonymous_5)","decl":{"start":{"line":40,"column":12},"end":{"line":40,"column":13}},"loc":{"start":{"line":40,"column":38},"end":{"line":46,"column":13}},"line":40},"6":{"name":"(anonymous_6)","decl":{"start":{"line":49,"column":16},"end":{"line":49,"column":17}},"loc":{"start":{"line":49,"column":38},"end":{"line":66,"column":5}},"line":49},"7":{"name":"(anonymous_7)","decl":{"start":{"line":59,"column":12},"end":{"line":59,"column":13}},"loc":{"start":{"line":59,"column":38},"end":{"line":64,"column":13}},"line":59},"8":{"name":"(anonymous_8)","decl":{"start":{"line":67,"column":16},"end":{"line":67,"column":17}},"loc":{"start":{"line":67,"column":32},"end":{"line":79,"column":5}},"line":67},"9":{"name":"(anonymous_9)","decl":{"start":{"line":72,"column":12},"end":{"line":72,"column":13}},"loc":{"start":{"line":72,"column":38},"end":{"line":77,"column":13}},"line":72}},"branchMap":{"0":{"loc":{"start":{"line":16,"column":16},"end":{"line":19,"column":17}},"type":"if","locations":[{"start":{"line":16,"column":16},"end":{"line":19,"column":17}},{"start":{},"end":{}}],"line":16},"1":{"loc":{"start":{"line":28,"column":16},"end":{"line":30,"column":17}},"type":"if","locations":[{"start":{"line":28,"column":16},"end":{"line":30,"column":17}},{"start":{},"end":{}}],"line":28},"2":{"loc":{"start":{"line":41,"column":16},"end":{"line":44,"column":17}},"type":"if","locations":[{"start":{"line":41,"column":16},"end":{"line":44,"column":17}},{"start":{},"end":{}}],"line":41},"3":{"loc":{"start":{"line":60,"column":16},"end":{"line":62,"column":17}},"type":"if","locations":[{"start":{"line":60,"column":16},"end":{"line":62,"column":17}},{"start":{},"end":{}}],"line":60},"4":{"loc":{"start":{"line":73,"column":16},"end":{"line":75,"column":17}},"type":"if","locations":[{"start":{"line":73,"column":16},"end":{"line":75,"column":17}},{"start":{},"end":{}}],"line":73}},"s":{"0":2,"1":2,"2":0,"3":0,"4":0,"5":0,"6":0,"7":0,"8":0,"9":0,"10":0,"11":0,"12":0,"13":0,"14":0,"15":0,"16":0,"17":0,"18":0,"19":0,"20":0,"21":0,"22":0,"23":0,"24":0,"25":0,"26":0,"27":0},"f":{"0":0,"1":0,"2":0,"3":0,"4":0,"5":0,"6":0,"7":0,"8":0,"9":0},"b":{"0":[0,0],"1":[0,0],"2":[0,0],"3":[0,0],"4":[0,0]},"_coverageSchema":"1a1c01bbd47fc00a2c39e90264f33305004495a9","hash":"d335dacf2bf402022e6d747ee6d5594160b52d30"}
,"/Users/apple/code/restaurant-system/api/order/order.controller.js": {"path":"/Users/apple/code/restaurant-system/api/order/order.controller.js","statementMap":{"0":{"start":{"line":1,"column":61},"end":{"line":1,"column":87}},"1":{"start":{"line":2,"column":15},"end":{"line":2,"column":38}},"2":{"start":{"line":5,"column":0},"end":{"line":101,"column":1}},"3":{"start":{"line":7,"column":20},"end":{"line":7,"column":28}},"4":{"start":{"line":9,"column":8},"end":{"line":24,"column":11}},"5":{"start":{"line":11,"column":16},"end":{"line":18,"column":17}},"6":{"start":{"line":13,"column":20},"end":{"line":13,"column":37}},"7":{"start":{"line":14,"column":20},"end":{"line":17,"column":23}},"8":{"start":{"line":19,"column":16},"end":{"line":19,"column":49}},"9":{"start":{"line":20,"column":16},"end":{"line":23,"column":19}},"10":{"start":{"line":27,"column":8},"end":{"line":35,"column":11}},"11":{"start":{"line":28,"column":12},"end":{"line":30,"column":13}},"12":{"start":{"line":29,"column":16},"end":{"line":29,"column":23}},"13":{"start":{"line":31,"column":12},"end":{"line":34,"column":15}},"14":{"start":{"line":38,"column":18},"end":{"line":38,"column":31}},"15":{"start":{"line":39,"column":8},"end":{"line":39,"column":29}},"16":{"start":{"line":40,"column":8},"end":{"line":57,"column":11}},"17":{"start":{"line":41,"column":12},"end":{"line":44,"column":13}},"18":{"start":{"line":42,"column":16},"end":{"line":42,"column":54}},"19":{"start":{"line":43,"column":16},"end":{"line":43,"column":23}},"20":{"start":{"line":45,"column":12},"end":{"line":50,"column":13}},"21":{"start":{"line":46,"column":16},"end":{"line":49,"column":19}},"22":{"start":{"line":51,"column":12},"end":{"line":55,"column":15}},"23":{"start":{"line":56,"column":12},"end":{"line":56,"column":30}},"24":{"start":{"line":60,"column":20},"end":{"line":60,"column":28}},"25":{"start":{"line":61,"column":19},"end":{"line":61,"column":32}},"26":{"start":{"line":62,"column":8},"end":{"line":78,"column":11}},"27":{"start":{"line":63,"column":12},"end":{"line":66,"column":13}},"28":{"start":{"line":64,"column":16},"end":{"line":64,"column":33}},"29":{"start":{"line":65,"column":16},"end":{"line":65,"column":29}},"30":{"start":{"line":67,"column":12},"end":{"line":67,"column":32}},"31":{"start":{"line":68,"column":12},"end":{"line":73,"column":13}},"32":{"start":{"line":69,"column":16},"end":{"line":72,"column":19}},"33":{"start":{"line":74,"column":12},"end":{"line":77,"column":15}},"34":{"start":{"line":81,"column":21},"end":{"line":81,"column":34}},"35":{"start":{"line":82,"column":8},"end":{"line":82,"column":26}},"36":{"start":{"line":83,"column":8},"end":{"line":99,"column":11}},"37":{"start":{"line":84,"column":12},"end":{"line":87,"column":13}},"38":{"start":{"line":85,"column":16},"end":{"line":85,"column":33}},"39":{"start":{"line":86,"column":16},"end":{"line":86,"column":23}},"40":{"start":{"line":88,"column":12},"end":{"line":88,"column":33}},"41":{"start":{"line":89,"column":12},"end":{"line":94,"column":13}},"42":{"start":{"line":90,"column":16},"end":{"line":93,"column":19}},"43":{"start":{"line":95,"column":12},"end":{"line":98,"column":15}}},"fnMap":{"0":{"name":"(anonymous_0)","decl":{"start":{"line":6,"column":17},"end":{"line":6,"column":18}},"loc":{"start":{"line":6,"column":29},"end":{"line":25,"column":5}},"line":6},"1":{"name":"(anonymous_1)","decl":{"start":{"line":10,"column":13},"end":{"line":10,"column":14}},"loc":{"start":{"line":10,"column":31},"end":{"line":24,"column":9}},"line":10},"2":{"name":"(anonymous_2)","decl":{"start":{"line":26,"column":13},"end":{"line":26,"column":14}},"loc":{"start":{"line":26,"column":24},"end":{"line":36,"column":5}},"line":26},"3":{"name":"(anonymous_3)","decl":{"start":{"line":27,"column":17},"end":{"line":27,"column":18}},"loc":{"start":{"line":27,"column":32},"end":{"line":35,"column":9}},"line":27},"4":{"name":"(anonymous_4)","decl":{"start":{"line":37,"column":17},"end":{"line":37,"column":18}},"loc":{"start":{"line":37,"column":28},"end":{"line":58,"column":5}},"line":37},"5":{"name":"(anonymous_5)","decl":{"start":{"line":40,"column":24},"end":{"line":40,"column":25}},"loc":{"start":{"line":40,"column":41},"end":{"line":57,"column":9}},"line":40},"6":{"name":"(anonymous_6)","decl":{"start":{"line":59,"column":16},"end":{"line":59,"column":17}},"loc":{"start":{"line":59,"column":29},"end":{"line":79,"column":5}},"line":59},"7":{"name":"(anonymous_7)","decl":{"start":{"line":62,"column":28},"end":{"line":62,"column":29}},"loc":{"start":{"line":62,"column":46},"end":{"line":78,"column":9}},"line":62},"8":{"name":"(anonymous_8)","decl":{"start":{"line":80,"column":16},"end":{"line":80,"column":17}},"loc":{"start":{"line":80,"column":29},"end":{"line":100,"column":5}},"line":80},"9":{"name":"(anonymous_9)","decl":{"start":{"line":83,"column":25},"end":{"line":83,"column":26}},"loc":{"start":{"line":83,"column":41},"end":{"line":99,"column":9}},"line":83}},"branchMap":{"0":{"loc":{"start":{"line":11,"column":16},"end":{"line":18,"column":17}},"type":"if","locations":[{"start":{"line":11,"column":16},"end":{"line":18,"column":17}},{"start":{},"end":{}}],"line":11},"1":{"loc":{"start":{"line":28,"column":12},"end":{"line":30,"column":13}},"type":"if","locations":[{"start":{"line":28,"column":12},"end":{"line":30,"column":13}},{"start":{},"end":{}}],"line":28},"2":{"loc":{"start":{"line":41,"column":12},"end":{"line":44,"column":13}},"type":"if","locations":[{"start":{"line":41,"column":12},"end":{"line":44,"column":13}},{"start":{},"end":{}}],"line":41},"3":{"loc":{"start":{"line":45,"column":12},"end":{"line":50,"column":13}},"type":"if","locations":[{"start":{"line":45,"column":12},"end":{"line":50,"column":13}},{"start":{},"end":{}}],"line":45},"4":{"loc":{"start":{"line":63,"column":12},"end":{"line":66,"column":13}},"type":"if","locations":[{"start":{"line":63,"column":12},"end":{"line":66,"column":13}},{"start":{},"end":{}}],"line":63},"5":{"loc":{"start":{"line":68,"column":12},"end":{"line":73,"column":13}},"type":"if","locations":[{"start":{"line":68,"column":12},"end":{"line":73,"column":13}},{"start":{},"end":{}}],"line":68},"6":{"loc":{"start":{"line":84,"column":12},"end":{"line":87,"column":13}},"type":"if","locations":[{"start":{"line":84,"column":12},"end":{"line":87,"column":13}},{"start":{},"end":{}}],"line":84},"7":{"loc":{"start":{"line":89,"column":12},"end":{"line":94,"column":13}},"type":"if","locations":[{"start":{"line":89,"column":12},"end":{"line":94,"column":13}},{"start":{},"end":{}}],"line":89}},"s":{"0":2,"1":2,"2":2,"3":0,"4":0,"5":0,"6":0,"7":0,"8":0,"9":0,"10":0,"11":0,"12":0,"13":0,"14":0,"15":0,"16":0,"17":0,"18":0,"19":0,"20":0,"21":0,"22":0,"23":0,"24":0,"25":0,"26":0,"27":0,"28":0,"29":0,"30":0,"31":0,"32":0,"33":0,"34":0,"35":0,"36":0,"37":0,"38":0,"39":0,"40":0,"41":0,"42":0,"43":0},"f":{"0":0,"1":0,"2":0,"3":0,"4":0,"5":0,"6":0,"7":0,"8":0,"9":0},"b":{"0":[0,0],"1":[0,0],"2":[0,0],"3":[0,0],"4":[0,0],"5":[0,0],"6":[0,0],"7":[0,0]},"_coverageSchema":"1a1c01bbd47fc00a2c39e90264f33305004495a9","hash":"57d7a9e4c4e2fe5f58c6ae6004316c2f8cd15b7e"}
,"/Users/apple/code/restaurant-system/api/order/order.routes.js": {"path":"/Users/apple/code/restaurant-system/api/order/order.routes.js","statementMap":{"0":{"start":{"line":1,"column":66},"end":{"line":1,"column":95}},"1":{"start":{"line":3,"column":14},"end":{"line":3,"column":41}},"2":{"start":{"line":4,"column":20},"end":{"line":4,"column":97}},"3":{"start":{"line":6,"column":0},"end":{"line":6,"column":40}},"4":{"start":{"line":7,"column":0},"end":{"line":7,"column":36}},"5":{"start":{"line":8,"column":0},"end":{"line":8,"column":43}},"6":{"start":{"line":9,"column":0},"end":{"line":9,"column":44}},"7":{"start":{"line":10,"column":0},"end":{"line":10,"column":45}},"8":{"start":{"line":14,"column":0},"end":{"line":14,"column":22}}},"fnMap":{},"branchMap":{},"s":{"0":2,"1":2,"2":2,"3":2,"4":2,"5":2,"6":2,"7":2,"8":2},"f":{},"b":{},"_coverageSchema":"1a1c01bbd47fc00a2c39e90264f33305004495a9","hash":"f7a58d09c323aaa370a7055dd50642a908e49c1b"}
,"/Users/apple/code/restaurant-system/api/order/order.service.js": {"path":"/Users/apple/code/restaurant-system/api/order/order.service.js","statementMap":{"0":{"start":{"line":1,"column":13},"end":{"line":1,"column":71}},"1":{"start":{"line":4,"column":0},"end":{"line":85,"column":1}},"2":{"start":{"line":6,"column":8},"end":{"line":6,"column":26}},"3":{"start":{"line":8,"column":8},"end":{"line":24,"column":10}},"4":{"start":{"line":18,"column":16},"end":{"line":21,"column":17}},"5":{"start":{"line":19,"column":20},"end":{"line":19,"column":39}},"6":{"start":{"line":20,"column":20},"end":{"line":20,"column":48}},"7":{"start":{"line":22,"column":16},"end":{"line":22,"column":46}},"8":{"start":{"line":27,"column":8},"end":{"line":35,"column":10}},"9":{"start":{"line":30,"column":16},"end":{"line":32,"column":17}},"10":{"start":{"line":31,"column":20},"end":{"line":31,"column":48}},"11":{"start":{"line":33,"column":16},"end":{"line":33,"column":46}},"12":{"start":{"line":38,"column":8},"end":{"line":38,"column":26}},"13":{"start":{"line":39,"column":8},"end":{"line":49,"column":10}},"14":{"start":{"line":43,"column":16},"end":{"line":46,"column":17}},"15":{"start":{"line":44,"column":20},"end":{"line":44,"column":39}},"16":{"start":{"line":45,"column":20},"end":{"line":45,"column":48}},"17":{"start":{"line":47,"column":16},"end":{"line":47,"column":49}},"18":{"start":{"line":52,"column":8},"end":{"line":52,"column":26}},"19":{"start":{"line":54,"column":8},"end":{"line":69,"column":10}},"20":{"start":{"line":64,"column":16},"end":{"line":66,"column":17}},"21":{"start":{"line":65,"column":20},"end":{"line":65,"column":48}},"22":{"start":{"line":67,"column":16},"end":{"line":67,"column":46}},"23":{"start":{"line":72,"column":8},"end":{"line":72,"column":23}},"24":{"start":{"line":73,"column":8},"end":{"line":82,"column":10}},"25":{"start":{"line":77,"column":16},"end":{"line":79,"column":17}},"26":{"start":{"line":78,"column":19},"end":{"line":78,"column":48}},"27":{"start":{"line":80,"column":16},"end":{"line":80,"column":46}}},"fnMap":{"0":{"name":"(anonymous_0)","decl":{"start":{"line":5,"column":12},"end":{"line":5,"column":13}},"loc":{"start":{"line":5,"column":31},"end":{"line":25,"column":5}},"line":5},"1":{"name":"(anonymous_1)","decl":{"start":{"line":17,"column":12},"end":{"line":17,"column":13}},"loc":{"start":{"line":17,"column":37},"end":{"line":23,"column":13}},"line":17},"2":{"name":"(anonymous_2)","decl":{"start":{"line":26,"column":14},"end":{"line":26,"column":15}},"loc":{"start":{"line":26,"column":27},"end":{"line":36,"column":5}},"line":26},"3":{"name":"(anonymous_3)","decl":{"start":{"line":29,"column":12},"end":{"line":29,"column":13}},"loc":{"start":{"line":29,"column":37},"end":{"line":34,"column":13}},"line":29},"4":{"name":"(anonymous_4)","decl":{"start":{"line":37,"column":19},"end":{"line":37,"column":20}},"loc":{"start":{"line":37,"column":38},"end":{"line":50,"column":5}},"line":37},"5":{"name":"(anonymous_5)","decl":{"start":{"line":42,"column":12},"end":{"line":42,"column":13}},"loc":{"start":{"line":42,"column":38},"end":{"line":48,"column":13}},"line":42},"6":{"name":"(anonymous_6)","decl":{"start":{"line":51,"column":17},"end":{"line":51,"column":18}},"loc":{"start":{"line":51,"column":39},"end":{"line":70,"column":5}},"line":51},"7":{"name":"(anonymous_7)","decl":{"start":{"line":63,"column":12},"end":{"line":63,"column":13}},"loc":{"start":{"line":63,"column":38},"end":{"line":68,"column":13}},"line":63},"8":{"name":"(anonymous_8)","decl":{"start":{"line":71,"column":17},"end":{"line":71,"column":18}},"loc":{"start":{"line":71,"column":33},"end":{"line":83,"column":5}},"line":71},"9":{"name":"(anonymous_9)","decl":{"start":{"line":76,"column":12},"end":{"line":76,"column":13}},"loc":{"start":{"line":76,"column":38},"end":{"line":81,"column":13}},"line":76}},"branchMap":{"0":{"loc":{"start":{"line":18,"column":16},"end":{"line":21,"column":17}},"type":"if","locations":[{"start":{"line":18,"column":16},"end":{"line":21,"column":17}},{"start":{},"end":{}}],"line":18},"1":{"loc":{"start":{"line":30,"column":16},"end":{"line":32,"column":17}},"type":"if","locations":[{"start":{"line":30,"column":16},"end":{"line":32,"column":17}},{"start":{},"end":{}}],"line":30},"2":{"loc":{"start":{"line":43,"column":16},"end":{"line":46,"column":17}},"type":"if","locations":[{"start":{"line":43,"column":16},"end":{"line":46,"column":17}},{"start":{},"end":{}}],"line":43},"3":{"loc":{"start":{"line":64,"column":16},"end":{"line":66,"column":17}},"type":"if","locations":[{"start":{"line":64,"column":16},"end":{"line":66,"column":17}},{"start":{},"end":{}}],"line":64},"4":{"loc":{"start":{"line":77,"column":16},"end":{"line":79,"column":17}},"type":"if","locations":[{"start":{"line":77,"column":16},"end":{"line":79,"column":17}},{"start":{},"end":{}}],"line":77}},"s":{"0":2,"1":2,"2":0,"3":0,"4":0,"5":0,"6":0,"7":0,"8":0,"9":0,"10":0,"11":0,"12":0,"13":0,"14":0,"15":0,"16":0,"17":0,"18":0,"19":0,"20":0,"21":0,"22":0,"23":0,"24":0,"25":0,"26":0,"27":0},"f":{"0":0,"1":0,"2":0,"3":0,"4":0,"5":0,"6":0,"7":0,"8":0,"9":0},"b":{"0":[0,0],"1":[0,0],"2":[0,0],"3":[0,0],"4":[0,0]},"_coverageSchema":"1a1c01bbd47fc00a2c39e90264f33305004495a9","hash":"32cbf4981fadb4cdb6bc831d7d0830435b19fe08"}
,"/Users/apple/code/restaurant-system/api/user/user.controller.js": {"path":"/Users/apple/code/restaurant-system/api/user/user.controller.js","statementMap":{"0":{"start":{"line":1,"column":60},"end":{"line":1,"column":85}},"1":{"start":{"line":3,"column":31},"end":{"line":3,"column":48}},"2":{"start":{"line":4,"column":14},"end":{"line":4,"column":37}},"3":{"start":{"line":5,"column":20},"end":{"line":5,"column":43}},"4":{"start":{"line":8,"column":0},"end":{"line":147,"column":1}},"5":{"start":{"line":10,"column":20},"end":{"line":10,"column":28}},"6":{"start":{"line":12,"column":8},"end":{"line":16,"column":11}},"7":{"start":{"line":13,"column":8},"end":{"line":16,"column":11}},"8":{"start":{"line":17,"column":8},"end":{"line":33,"column":11}},"9":{"start":{"line":19,"column":16},"end":{"line":26,"column":17}},"10":{"start":{"line":21,"column":20},"end":{"line":21,"column":37}},"11":{"start":{"line":22,"column":20},"end":{"line":25,"column":23}},"12":{"start":{"line":28,"column":16},"end":{"line":28,"column":47}},"13":{"start":{"line":29,"column":16},"end":{"line":32,"column":19}},"14":{"start":{"line":36,"column":8},"end":{"line":44,"column":11}},"15":{"start":{"line":37,"column":12},"end":{"line":39,"column":13}},"16":{"start":{"line":38,"column":16},"end":{"line":38,"column":23}},"17":{"start":{"line":40,"column":12},"end":{"line":43,"column":15}},"18":{"start":{"line":47,"column":18},"end":{"line":47,"column":31}},"19":{"start":{"line":48,"column":8},"end":{"line":48,"column":29}},"20":{"start":{"line":49,"column":8},"end":{"line":66,"column":11}},"21":{"start":{"line":50,"column":12},"end":{"line":53,"column":13}},"22":{"start":{"line":51,"column":16},"end":{"line":51,"column":54}},"23":{"start":{"line":52,"column":16},"end":{"line":52,"column":23}},"24":{"start":{"line":54,"column":12},"end":{"line":59,"column":13}},"25":{"start":{"line":55,"column":16},"end":{"line":58,"column":19}},"26":{"start":{"line":60,"column":12},"end":{"line":64,"column":15}},"27":{"start":{"line":65,"column":12},"end":{"line":65,"column":30}},"28":{"start":{"line":69,"column":20},"end":{"line":69,"column":28}},"29":{"start":{"line":70,"column":19},"end":{"line":70,"column":32}},"30":{"start":{"line":71,"column":8},"end":{"line":87,"column":11}},"31":{"start":{"line":72,"column":12},"end":{"line":75,"column":13}},"32":{"start":{"line":73,"column":16},"end":{"line":73,"column":33}},"33":{"start":{"line":74,"column":16},"end":{"line":74,"column":29}},"34":{"start":{"line":76,"column":12},"end":{"line":76,"column":32}},"35":{"start":{"line":77,"column":12},"end":{"line":82,"column":13}},"36":{"start":{"line":78,"column":16},"end":{"line":81,"column":19}},"37":{"start":{"line":83,"column":12},"end":{"line":86,"column":15}},"38":{"start":{"line":90,"column":21},"end":{"line":90,"column":34}},"39":{"start":{"line":91,"column":8},"end":{"line":91,"column":26}},"40":{"start":{"line":92,"column":8},"end":{"line":108,"column":11}},"41":{"start":{"line":93,"column":12},"end":{"line":96,"column":13}},"42":{"start":{"line":94,"column":16},"end":{"line":94,"column":33}},"43":{"start":{"line":95,"column":16},"end":{"line":95,"column":23}},"44":{"start":{"line":97,"column":12},"end":{"line":97,"column":33}},"45":{"start":{"line":98,"column":12},"end":{"line":103,"column":13}},"46":{"start":{"line":99,"column":16},"end":{"line":102,"column":19}},"47":{"start":{"line":104,"column":12},"end":{"line":107,"column":15}},"48":{"start":{"line":111,"column":20},"end":{"line":111,"column":28}},"49":{"start":{"line":112,"column":8},"end":{"line":112,"column":26}},"50":{"start":{"line":113,"column":8},"end":{"line":144,"column":11}},"51":{"start":{"line":114,"column":12},"end":{"line":116,"column":13}},"52":{"start":{"line":115,"column":16},"end":{"line":115,"column":33}},"53":{"start":{"line":117,"column":12},"end":{"line":117,"column":33}},"54":{"start":{"line":118,"column":12},"end":{"line":123,"column":13}},"55":{"start":{"line":119,"column":16},"end":{"line":122,"column":19}},"56":{"start":{"line":124,"column":27},"end":{"line":124,"column":78}},"57":{"start":{"line":125,"column":12},"end":{"line":125,"column":39}},"58":{"start":{"line":126,"column":12},"end":{"line":126,"column":41}},"59":{"start":{"line":127,"column":12},"end":{"line":127,"column":32}},"60":{"start":{"line":128,"column":12},"end":{"line":142,"column":9}},"61":{"start":{"line":129,"column":16},"end":{"line":129,"column":45}},"62":{"start":{"line":130,"column":34},"end":{"line":130,"column":69}},"63":{"start":{"line":131,"column":16},"end":{"line":135,"column":19}},"64":{"start":{"line":137,"column":12},"end":{"line":141,"column":15}}},"fnMap":{"0":{"name":"(anonymous_0)","decl":{"start":{"line":9,"column":16},"end":{"line":9,"column":17}},"loc":{"start":{"line":9,"column":28},"end":{"line":34,"column":5}},"line":9},"1":{"name":"(anonymous_1)","decl":{"start":{"line":18,"column":13},"end":{"line":18,"column":14}},"loc":{"start":{"line":18,"column":31},"end":{"line":33,"column":9}},"line":18},"2":{"name":"(anonymous_2)","decl":{"start":{"line":35,"column":12},"end":{"line":35,"column":13}},"loc":{"start":{"line":35,"column":23},"end":{"line":45,"column":5}},"line":35},"3":{"name":"(anonymous_3)","decl":{"start":{"line":36,"column":16},"end":{"line":36,"column":17}},"loc":{"start":{"line":36,"column":31},"end":{"line":44,"column":9}},"line":36},"4":{"name":"(anonymous_4)","decl":{"start":{"line":46,"column":19},"end":{"line":46,"column":20}},"loc":{"start":{"line":46,"column":30},"end":{"line":67,"column":5}},"line":46},"5":{"name":"(anonymous_5)","decl":{"start":{"line":49,"column":26},"end":{"line":49,"column":27}},"loc":{"start":{"line":49,"column":43},"end":{"line":66,"column":9}},"line":49},"6":{"name":"(anonymous_6)","decl":{"start":{"line":68,"column":15},"end":{"line":68,"column":16}},"loc":{"start":{"line":68,"column":28},"end":{"line":88,"column":5}},"line":68},"7":{"name":"(anonymous_7)","decl":{"start":{"line":71,"column":27},"end":{"line":71,"column":28}},"loc":{"start":{"line":71,"column":45},"end":{"line":87,"column":9}},"line":71},"8":{"name":"(anonymous_8)","decl":{"start":{"line":89,"column":15},"end":{"line":89,"column":16}},"loc":{"start":{"line":89,"column":28},"end":{"line":109,"column":5}},"line":89},"9":{"name":"(anonymous_9)","decl":{"start":{"line":92,"column":24},"end":{"line":92,"column":25}},"loc":{"start":{"line":92,"column":40},"end":{"line":108,"column":9}},"line":92},"10":{"name":"(anonymous_10)","decl":{"start":{"line":110,"column":10},"end":{"line":110,"column":11}},"loc":{"start":{"line":110,"column":24},"end":{"line":145,"column":5}},"line":110},"11":{"name":"(anonymous_11)","decl":{"start":{"line":113,"column":38},"end":{"line":113,"column":39}},"loc":{"start":{"line":113,"column":55},"end":{"line":144,"column":9}},"line":113}},"branchMap":{"0":{"loc":{"start":{"line":12,"column":8},"end":{"line":16,"column":11}},"type":"if","locations":[{"start":{"line":12,"column":8},"end":{"line":16,"column":11}},{"start":{},"end":{}}],"line":12},"1":{"loc":{"start":{"line":19,"column":16},"end":{"line":26,"column":17}},"type":"if","locations":[{"start":{"line":19,"column":16},"end":{"line":26,"column":17}},{"start":{},"end":{}}],"line":19},"2":{"loc":{"start":{"line":37,"column":12},"end":{"line":39,"column":13}},"type":"if","locations":[{"start":{"line":37,"column":12},"end":{"line":39,"column":13}},{"start":{},"end":{}}],"line":37},"3":{"loc":{"start":{"line":50,"column":12},"end":{"line":53,"column":13}},"type":"if","locations":[{"start":{"line":50,"column":12},"end":{"line":53,"column":13}},{"start":{},"end":{}}],"line":50},"4":{"loc":{"start":{"line":54,"column":12},"end":{"line":59,"column":13}},"type":"if","locations":[{"start":{"line":54,"column":12},"end":{"line":59,"column":13}},{"start":{},"end":{}}],"line":54},"5":{"loc":{"start":{"line":72,"column":12},"end":{"line":75,"column":13}},"type":"if","locations":[{"start":{"line":72,"column":12},"end":{"line":75,"column":13}},{"start":{},"end":{}}],"line":72},"6":{"loc":{"start":{"line":77,"column":12},"end":{"line":82,"column":13}},"type":"if","locations":[{"start":{"line":77,"column":12},"end":{"line":82,"column":13}},{"start":{},"end":{}}],"line":77},"7":{"loc":{"start":{"line":93,"column":12},"end":{"line":96,"column":13}},"type":"if","locations":[{"start":{"line":93,"column":12},"end":{"line":96,"column":13}},{"start":{},"end":{}}],"line":93},"8":{"loc":{"start":{"line":98,"column":12},"end":{"line":103,"column":13}},"type":"if","locations":[{"start":{"line":98,"column":12},"end":{"line":103,"column":13}},{"start":{},"end":{}}],"line":98},"9":{"loc":{"start":{"line":114,"column":12},"end":{"line":116,"column":13}},"type":"if","locations":[{"start":{"line":114,"column":12},"end":{"line":116,"column":13}},{"start":{},"end":{}}],"line":114},"10":{"loc":{"start":{"line":118,"column":12},"end":{"line":123,"column":13}},"type":"if","locations":[{"start":{"line":118,"column":12},"end":{"line":123,"column":13}},{"start":{},"end":{}}],"line":118},"11":{"loc":{"start":{"line":128,"column":12},"end":{"line":142,"column":9}},"type":"if","locations":[{"start":{"line":128,"column":12},"end":{"line":142,"column":9}},{"start":{"line":136,"column":18},"end":{"line":142,"column":9}}],"line":128}},"s":{"0":2,"1":2,"2":2,"3":2,"4":2,"5":2,"6":2,"7":1,"8":1,"9":1,"10":0,"11":0,"12":1,"13":1,"14":0,"15":0,"16":0,"17":0,"18":0,"19":0,"20":0,"21":0,"22":0,"23":0,"24":0,"25":0,"26":0,"27":0,"28":2,"29":2,"30":2,"31":2,"32":0,"33":0,"34":2,"35":2,"36":0,"37":2,"38":2,"39":2,"40":2,"41":2,"42":0,"43":0,"44":2,"45":2,"46":0,"47":2,"48":2,"49":2,"50":2,"51":2,"52":0,"53":2,"54":2,"55":0,"56":2,"57":2,"58":2,"59":2,"60":2,"61":1,"62":1,"63":1,"64":1},"f":{"0":2,"1":1,"2":0,"3":0,"4":0,"5":0,"6":2,"7":2,"8":2,"9":2,"10":2,"11":2},"b":{"0":[1,1],"1":[0,1],"2":[0,0],"3":[0,0],"4":[0,0],"5":[0,2],"6":[0,2],"7":[0,2],"8":[0,2],"9":[0,2],"10":[0,2],"11":[1,1]},"_coverageSchema":"1a1c01bbd47fc00a2c39e90264f33305004495a9","hash":"8839fa5732acced9232c17d036762527af2f51f2"}
,"/Users/apple/code/restaurant-system/api/user/user.routes.js": {"path":"/Users/apple/code/restaurant-system/api/user/user.routes.js","statementMap":{"0":{"start":{"line":1,"column":55},"end":{"line":1,"column":83}},"1":{"start":{"line":3,"column":14},"end":{"line":3,"column":41}},"2":{"start":{"line":4,"column":20},"end":{"line":4,"column":97}},"3":{"start":{"line":7,"column":0},"end":{"line":7,"column":28}},"4":{"start":{"line":8,"column":0},"end":{"line":8,"column":24}},"5":{"start":{"line":10,"column":0},"end":{"line":10,"column":44}},"6":{"start":{"line":11,"column":0},"end":{"line":11,"column":43}},"7":{"start":{"line":12,"column":0},"end":{"line":12,"column":27}},"8":{"start":{"line":17,"column":0},"end":{"line":17,"column":22}}},"fnMap":{},"branchMap":{},"s":{"0":2,"1":2,"2":2,"3":2,"4":2,"5":2,"6":2,"7":2,"8":2},"f":{},"b":{},"_coverageSchema":"1a1c01bbd47fc00a2c39e90264f33305004495a9","hash":"2b6b9c8523b4a834bbab51f68619395afb17df04"}
,"/Users/apple/code/restaurant-system/api/user/user.service.js": {"path":"/Users/apple/code/restaurant-system/api/user/user.service.js","statementMap":{"0":{"start":{"line":1,"column":13},"end":{"line":1,"column":71}},"1":{"start":{"line":2,"column":27},"end":{"line":2,"column":44}},"2":{"start":{"line":4,"column":0},"end":{"line":113,"column":1}},"3":{"start":{"line":6,"column":8},"end":{"line":6,"column":26}},"4":{"start":{"line":7,"column":8},"end":{"line":7,"column":56}},"5":{"start":{"line":8,"column":8},"end":{"line":49,"column":11}},"6":{"start":{"line":9,"column":12},"end":{"line":23,"column":14}},"7":{"start":{"line":17,"column":12},"end":{"line":20,"column":13}},"8":{"start":{"line":19,"column":16},"end":{"line":19,"column":44}},"9":{"start":{"line":21,"column":12},"end":{"line":21,"column":42}},"10":{"start":{"line":25,"column":14},"end":{"line":49,"column":10}},"11":{"start":{"line":40,"column":16},"end":{"line":44,"column":17}},"12":{"start":{"line":41,"column":20},"end":{"line":41,"column":39}},"13":{"start":{"line":42,"column":20},"end":{"line":42,"column":48}},"14":{"start":{"line":45,"column":16},"end":{"line":45,"column":46}},"15":{"start":{"line":54,"column":8},"end":{"line":62,"column":10}},"16":{"start":{"line":57,"column":16},"end":{"line":59,"column":17}},"17":{"start":{"line":58,"column":20},"end":{"line":58,"column":48}},"18":{"start":{"line":60,"column":16},"end":{"line":60,"column":46}},"19":{"start":{"line":65,"column":8},"end":{"line":75,"column":10}},"20":{"start":{"line":69,"column":16},"end":{"line":72,"column":17}},"21":{"start":{"line":70,"column":20},"end":{"line":70,"column":39}},"22":{"start":{"line":71,"column":20},"end":{"line":71,"column":48}},"23":{"start":{"line":73,"column":16},"end":{"line":73,"column":49}},"24":{"start":{"line":78,"column":8},"end":{"line":78,"column":26}},"25":{"start":{"line":80,"column":8},"end":{"line":97,"column":10}},"26":{"start":{"line":92,"column":16},"end":{"line":94,"column":17}},"27":{"start":{"line":93,"column":20},"end":{"line":93,"column":48}},"28":{"start":{"line":95,"column":16},"end":{"line":95,"column":46}},"29":{"start":{"line":100,"column":8},"end":{"line":100,"column":23}},"30":{"start":{"line":101,"column":8},"end":{"line":110,"column":10}},"31":{"start":{"line":105,"column":16},"end":{"line":107,"column":17}},"32":{"start":{"line":106,"column":19},"end":{"line":106,"column":48}},"33":{"start":{"line":108,"column":16},"end":{"line":108,"column":46}}},"fnMap":{"0":{"name":"(anonymous_0)","decl":{"start":{"line":5,"column":12},"end":{"line":5,"column":13}},"loc":{"start":{"line":5,"column":31},"end":{"line":52,"column":5}},"line":5},"1":{"name":"(anonymous_1)","decl":{"start":{"line":16,"column":11},"end":{"line":16,"column":12}},"loc":{"start":{"line":16,"column":36},"end":{"line":22,"column":9}},"line":16},"2":{"name":"(anonymous_2)","decl":{"start":{"line":38,"column":12},"end":{"line":38,"column":13}},"loc":{"start":{"line":38,"column":37},"end":{"line":47,"column":13}},"line":38},"3":{"name":"(anonymous_3)","decl":{"start":{"line":53,"column":13},"end":{"line":53,"column":14}},"loc":{"start":{"line":53,"column":26},"end":{"line":63,"column":5}},"line":53},"4":{"name":"(anonymous_4)","decl":{"start":{"line":56,"column":12},"end":{"line":56,"column":13}},"loc":{"start":{"line":56,"column":37},"end":{"line":61,"column":13}},"line":56},"5":{"name":"(anonymous_5)","decl":{"start":{"line":64,"column":21},"end":{"line":64,"column":22}},"loc":{"start":{"line":64,"column":40},"end":{"line":76,"column":5}},"line":64},"6":{"name":"(anonymous_6)","decl":{"start":{"line":68,"column":12},"end":{"line":68,"column":13}},"loc":{"start":{"line":68,"column":38},"end":{"line":74,"column":13}},"line":68},"7":{"name":"(anonymous_7)","decl":{"start":{"line":77,"column":16},"end":{"line":77,"column":17}},"loc":{"start":{"line":77,"column":38},"end":{"line":98,"column":5}},"line":77},"8":{"name":"(anonymous_8)","decl":{"start":{"line":91,"column":12},"end":{"line":91,"column":13}},"loc":{"start":{"line":91,"column":38},"end":{"line":96,"column":13}},"line":91},"9":{"name":"(anonymous_9)","decl":{"start":{"line":99,"column":16},"end":{"line":99,"column":17}},"loc":{"start":{"line":99,"column":32},"end":{"line":111,"column":5}},"line":99},"10":{"name":"(anonymous_10)","decl":{"start":{"line":104,"column":12},"end":{"line":104,"column":13}},"loc":{"start":{"line":104,"column":38},"end":{"line":109,"column":13}},"line":104}},"branchMap":{"0":{"loc":{"start":{"line":8,"column":8},"end":{"line":49,"column":11}},"type":"if","locations":[{"start":{"line":8,"column":8},"end":{"line":49,"column":11}},{"start":{"line":25,"column":12},"end":{"line":49,"column":11}}],"line":8},"1":{"loc":{"start":{"line":17,"column":12},"end":{"line":20,"column":13}},"type":"if","locations":[{"start":{"line":17,"column":12},"end":{"line":20,"column":13}},{"start":{},"end":{}}],"line":17},"2":{"loc":{"start":{"line":40,"column":16},"end":{"line":44,"column":17}},"type":"if","locations":[{"start":{"line":40,"column":16},"end":{"line":44,"column":17}},{"start":{},"end":{}}],"line":40},"3":{"loc":{"start":{"line":57,"column":16},"end":{"line":59,"column":17}},"type":"if","locations":[{"start":{"line":57,"column":16},"end":{"line":59,"column":17}},{"start":{},"end":{}}],"line":57},"4":{"loc":{"start":{"line":69,"column":16},"end":{"line":72,"column":17}},"type":"if","locations":[{"start":{"line":69,"column":16},"end":{"line":72,"column":17}},{"start":{},"end":{}}],"line":69},"5":{"loc":{"start":{"line":92,"column":16},"end":{"line":94,"column":17}},"type":"if","locations":[{"start":{"line":92,"column":16},"end":{"line":94,"column":17}},{"start":{},"end":{}}],"line":92},"6":{"loc":{"start":{"line":105,"column":16},"end":{"line":107,"column":17}},"type":"if","locations":[{"start":{"line":105,"column":16},"end":{"line":107,"column":17}},{"start":{},"end":{}}],"line":105}},"s":{"0":2,"1":2,"2":2,"3":1,"4":1,"5":1,"6":1,"7":1,"8":0,"9":1,"10":0,"11":0,"12":0,"13":0,"14":0,"15":0,"16":0,"17":0,"18":0,"19":2,"20":2,"21":0,"22":0,"23":2,"24":2,"25":2,"26":2,"27":0,"28":2,"29":2,"30":2,"31":2,"32":0,"33":2},"f":{"0":1,"1":1,"2":0,"3":0,"4":0,"5":2,"6":2,"7":2,"8":2,"9":2,"10":2},"b":{"0":[1,0],"1":[0,1],"2":[0,0],"3":[0,0],"4":[0,2],"5":[0,2],"6":[0,2]},"_coverageSchema":"1a1c01bbd47fc00a2c39e90264f33305004495a9","hash":"b11d289af33c9fc5a7b7a9fba2c84ce76c8f62d7"}
,"/Users/apple/code/restaurant-system/middleware/token.validation.js": {"path":"/Users/apple/code/restaurant-system/middleware/token.validation.js","statementMap":{"0":{"start":{"line":1,"column":17},"end":{"line":1,"column":40}},"1":{"start":{"line":4,"column":0},"end":{"line":28,"column":1}},"2":{"start":{"line":6,"column":19},"end":{"line":6,"column":43}},"3":{"start":{"line":8,"column":8},"end":{"line":25,"column":9}},"4":{"start":{"line":9,"column":10},"end":{"line":9,"column":33}},"5":{"start":{"line":10,"column":10},"end":{"line":19,"column":13}},"6":{"start":{"line":11,"column":12},"end":{"line":18,"column":13}},"7":{"start":{"line":12,"column":16},"end":{"line":15,"column":19}},"8":{"start":{"line":17,"column":16},"end":{"line":17,"column":23}},"9":{"start":{"line":21,"column":12},"end":{"line":24,"column":14}}},"fnMap":{"0":{"name":"(anonymous_0)","decl":{"start":{"line":5,"column":16},"end":{"line":5,"column":17}},"loc":{"start":{"line":5,"column":34},"end":{"line":27,"column":9}},"line":5},"1":{"name":"(anonymous_1)","decl":{"start":{"line":10,"column":33},"end":{"line":10,"column":34}},"loc":{"start":{"line":10,"column":50},"end":{"line":19,"column":11}},"line":10}},"branchMap":{"0":{"loc":{"start":{"line":8,"column":8},"end":{"line":25,"column":9}},"type":"if","locations":[{"start":{"line":8,"column":8},"end":{"line":25,"column":9}},{"start":{"line":20,"column":13},"end":{"line":25,"column":9}}],"line":8},"1":{"loc":{"start":{"line":11,"column":12},"end":{"line":18,"column":13}},"type":"if","locations":[{"start":{"line":11,"column":12},"end":{"line":18,"column":13}},{"start":{"line":16,"column":17},"end":{"line":18,"column":13}}],"line":11}},"s":{"0":2,"1":2,"2":6,"3":6,"4":4,"5":4,"6":4,"7":0,"8":4,"9":2},"f":{"0":6,"1":4},"b":{"0":[4,2],"1":[0,4]},"_coverageSchema":"1a1c01bbd47fc00a2c39e90264f33305004495a9","hash":"dd365ef8cde1e38fc005ff4f853762f4d88e25d3"}
}
